2020-11-01T21:55:00.194918Z 0 [Warning] [MY-010915] [Server] 'NO_ZERO_DATE', 'NO_ZERO_IN_DATE' and 'ERROR_FOR_DIVISION_BY_ZERO' sql modes should be used with strict mode. They will be merged with strict mode in a future release.
2020-11-01T21:55:00.196736Z 0 [System] [MY-010116] [Server] C:\Program Files\MySQL\MySQL Server 8.0\bin\mysqld.exe (mysqld 8.0.22) starting as process 21936
2020-11-01T21:55:00.217023Z 1 [System] [MY-013576] [InnoDB] InnoDB initialization has started.
2020-11-01T21:55:01.227555Z 1 [System] [MY-013577] [InnoDB] InnoDB initialization has ended.
2020-11-01T21:55:01.556843Z 0 [System] [MY-011323] [Server] X Plugin ready for connections. Bind-address: '::' port: 33060
2020-11-01T21:55:01.828269Z 0 [Warning] [MY-010068] [Server] CA certificate ca.pem is self signed.
2020-11-01T21:55:01.831086Z 0 [System] [MY-013602] [Server] Channel mysql_main configured to support TLS. Encrypted connections are now supported for this channel.
2020-11-01T21:55:01.988538Z 0 [System] [MY-010931] [Server] C:\Program Files\MySQL\MySQL Server 8.0\bin\mysqld.exe: ready for connections. Version: '8.0.22'  socket: ''  port: 3306  MySQL Community Server - GPL.
2020-11-01T22:23:31.359549Z 27 [Warning] [MY-013360] [Server] Plugin sha256_password reported: ''sha256_password' is deprecated and will be removed in a future release. Please use caching_sha2_password instead'
2020-11-01T22:25:08.376784Z 33 [Warning] [MY-013360] [Server] Plugin sha256_password reported: ''sha256_password' is deprecated and will be removed in a future release. Please use caching_sha2_password instead'
2020-11-02T10:08:04.141111Z 50 [Warning] [MY-013360] [Server] Plugin sha256_password reported: ''sha256_password' is deprecated and will be removed in a future release. Please use caching_sha2_password instead'
2020-11-02T12:12:14.792873Z 75 [Warning] [MY-013360] [Server] Plugin sha256_password reported: ''sha256_password' is deprecated and will be removed in a future release. Please use caching_sha2_password instead'
2020-11-02T12:14:45.886259Z 0 [System] [MY-013105] [Server] C:\Program Files\MySQL\MySQL Server 8.0\bin\mysqld.exe: Normal shutdown.
2020-11-02T12:14:46.686759Z 0 [System] [MY-010910] [Server] C:\Program Files\MySQL\MySQL Server 8.0\bin\mysqld.exe: Shutdown complete (mysqld 8.0.22)  MySQL Community Server - GPL.
2020-11-02T12:15:05.121314Z 0 [Warning] [MY-010915] [Server] 'NO_ZERO_DATE', 'NO_ZERO_IN_DATE' and 'ERROR_FOR_DIVISION_BY_ZERO' sql modes should be used with strict mode. They will be merged with strict mode in a future release.
2020-11-02T12:15:05.125508Z 0 [System] [MY-010116] [Server] C:\Program Files\MySQL\MySQL Server 8.0\bin\mysqld.exe (mysqld 8.0.22) starting as process 5004
2020-11-02T12:15:05.238021Z 1 [System] [MY-013576] [InnoDB] InnoDB initialization has started.
2020-11-02T12:15:06.227238Z 1 [System] [MY-013577] [InnoDB] InnoDB initialization has ended.
2020-11-02T12:15:06.887112Z 0 [System] [MY-011323] [Server] X Plugin ready for connections. Bind-address: '::' port: 33060
2020-11-02T12:15:07.234774Z 0 [Warning] [MY-010068] [Server] CA certificate ca.pem is self signed.
2020-11-02T12:15:07.236524Z 0 [System] [MY-013602] [Server] Channel mysql_main configured to support TLS. Encrypted connections are now supported for this channel.
2020-11-02T12:15:07.350427Z 0 [System] [MY-010931] [Server] C:\Program Files\MySQL\MySQL Server 8.0\bin\mysqld.exe: ready for connections. Version: '8.0.22'  socket: ''  port: 3306  MySQL Community Server - GPL.
2020-11-02T12:23:27.972429Z 0 [System] [MY-013105] [Server] C:\Program Files\MySQL\MySQL Server 8.0\bin\mysqld.exe: Normal shutdown.
2020-11-02T12:23:28.947550Z 0 [System] [MY-010910] [Server] C:\Program Files\MySQL\MySQL Server 8.0\bin\mysqld.exe: Shutdown complete (mysqld 8.0.22)  MySQL Community Server - GPL.
2020-11-02T12:23:46.170724Z 0 [Warning] [MY-010915] [Server] 'NO_ZERO_DATE', 'NO_ZERO_IN_DATE' and 'ERROR_FOR_DIVISION_BY_ZERO' sql modes should be used with strict mode. They will be merged with strict mode in a future release.
2020-11-02T12:23:46.176204Z 0 [System] [MY-010116] [Server] C:\Program Files\MySQL\MySQL Server 8.0\bin\mysqld.exe (mysqld 8.0.22) starting as process 5076
2020-11-02T12:23:46.371008Z 1 [System] [MY-013576] [InnoDB] InnoDB initialization has started.
2020-11-02T12:23:47.555729Z 1 [System] [MY-013577] [InnoDB] InnoDB initialization has ended.
2020-11-02T12:23:48.040316Z 0 [System] [MY-011323] [Server] X Plugin ready for connections. Bind-address: '::' port: 33060
2020-11-02T12:23:48.393679Z 0 [Warning] [MY-010068] [Server] CA certificate ca.pem is self signed.
2020-11-02T12:23:48.394581Z 0 [System] [MY-013602] [Server] Channel mysql_main configured to support TLS. Encrypted connections are now supported for this channel.
2020-11-02T12:23:48.521130Z 0 [System] [MY-010931] [Server] C:\Program Files\MySQL\MySQL Server 8.0\bin\mysqld.exe: ready for connections. Version: '8.0.22'  socket: ''  port: 3306  MySQL Community Server - GPL.
2020-11-02T16:38:55.428262Z 45 [System] [MY-013172] [Server] Received SHUTDOWN from user root. Shutting down mysqld (Version: 8.0.22).
2020-11-02T16:38:55.431015Z 0 [System] [MY-013105] [Server] C:\Program Files\MySQL\MySQL Server 8.0\bin\mysqld.exe: Normal shutdown.
2020-11-02T16:38:57.436180Z 0 [Warning] [MY-010909] [Server] C:\Program Files\MySQL\MySQL Server 8.0\bin\mysqld.exe: Forcing close of thread 40  user: 'root'.
2020-11-02T16:38:57.439281Z 0 [Warning] [MY-010909] [Server] C:\Program Files\MySQL\MySQL Server 8.0\bin\mysqld.exe: Forcing close of thread 41  user: 'root'.
2020-11-02T16:38:57.442320Z 0 [Warning] [MY-010909] [Server] C:\Program Files\MySQL\MySQL Server 8.0\bin\mysqld.exe: Forcing close of thread 39  user: 'root'.
2020-11-02T16:38:58.816273Z 0 [System] [MY-010910] [Server] C:\Program Files\MySQL\MySQL Server 8.0\bin\mysqld.exe: Shutdown complete (mysqld 8.0.22)  MySQL Community Server - GPL.
2020-11-02T16:39:01.784653Z 0 [Warning] [MY-010915] [Server] 'NO_ZERO_DATE', 'NO_ZERO_IN_DATE' and 'ERROR_FOR_DIVISION_BY_ZERO' sql modes should be used with strict mode. They will be merged with strict mode in a future release.
2020-11-02T16:39:01.786473Z 0 [System] [MY-010116] [Server] C:\Program Files\MySQL\MySQL Server 8.0\bin\mysqld.exe (mysqld 8.0.22) starting as process 4916
2020-11-02T16:39:01.843416Z 1 [System] [MY-013576] [InnoDB] InnoDB initialization has started.
2020-11-02T16:39:02.927835Z 1 [System] [MY-013577] [InnoDB] InnoDB initialization has ended.
2020-11-02T16:39:03.164388Z 0 [System] [MY-011323] [Server] X Plugin ready for connections. Bind-address: '::' port: 33060
2020-11-02T16:39:03.318406Z 0 [Warning] [MY-010068] [Server] CA certificate ca.pem is self signed.
2020-11-02T16:39:03.319344Z 0 [System] [MY-013602] [Server] Channel mysql_main configured to support TLS. Encrypted connections are now supported for this channel.
2020-11-02T16:39:03.391864Z 0 [System] [MY-010931] [Server] C:\Program Files\MySQL\MySQL Server 8.0\bin\mysqld.exe: ready for connections. Version: '8.0.22'  socket: ''  port: 3306  MySQL Community Server - GPL.
