#1	COM2:9600:MUX0:1	1	2003.09.22	13:10	RekorMax	8.30	rekormax.in	rekormax.out
#
#System 600
$0000	2	1	03.03.14	22.00	7.00	0.00	REZERWA	REZERWA	REZERWA	ZWOLNIONA
$0001	1	1	03.03.14	0	0	0	0	0	0	0	0
$0002	1	2	03.03.20	1	0	169	0	0	0	0	0
$0003	1	3	03.03.20	1	0	169	0	0	0	0	0
$0004	1	4	03.05.22	4	60	142	0	0	0	0	0
$0005	1	5	03.05.28	1	0	169	0	0	0	0	0
$0006	3	1	03.05.28	18:54
$0007	3	2	03.05.28	17:56
$0008	1	6	03.06.09	10	6815	23848	0	0	0	0	0
$0009	1	7	03.06.09	10	9600	0	0	0	0	0	0
$0010	1	8	03.06.11	27	46722	110758	0	0	0	0	0
$0011	1	9	03.06.13	19	599	174860	0	0	0	0	0
$0012	3	3	03.06.16	15:15
$0013	3	4	03.06.18	08:45
$0014	1	10	03.06.20	1	1200	0	0	0	0	0	0
$0015	1	11	03.06.26	8	11856	0	0	0	0	0	0
$0016	1	12	03.07.01	39	3692352	0	0	0	0	0	0
$0017	1	13	03.07.03	2	21600	0	0	0	0	0	0
$0018	3	5	03.07.03	11:25
$0019	1	14	03.07.24	1	300	0	0	0	0	0	0
$0020	1	15	03.07.24	0	0	0	0	0	0	0	0
$0021	1	16	03.07.30	20	15533	46940	0	0	0	0	0
$0022	3	6	03.07.30	08:20
$0023	3	7	03.07.30	08:30
$0024	1	17	03.07.30	100	952797	1738043	0	0	0	0	0
$0025	1	18	03.07.30	100	952797	1464647	0	0	0	0	0
$0026	1	19	03.08.01	0	0	0	0	0	0	0	0
$0027	1	20	03.08.06	1	0	119	0	0	0	0	0
$0028	1	21	03.08.07	1	0	258	0	0	0	0	0
$0029	1	22	03.08.20	9	1198	4747	0	0	0	0	0
$0030	1	23	03.09.02	3	99	338	0	0	0	0	0
$0031	1	24	03.09.02	0	0	0	0	0	0	0	0
$0032	1	25	03.09.02	0	0	0	0	0	0	0	0
$0033	1	26	03.09.02	2	59	179	0	0	0	0	0
$0034	1	27	03.09.02	0	0	0	0	0	0	0	0
$0035	1	28	03.09.04	1	0	0	0	0	0	0	35
$0036	1	29	03.09.11	4	1118	0	0	0	0	0	0
$0037	2	2	03.09.11	22.00	7.00	0.00	REZERWA	REZERWA	REZERWA	ZWOLNIONA
$0038	1	30	03.09.22	1	100	100	100	0	0	0	100
